Unity Editor version:    2021.3.33f1 (ee5a2aa03ab2)
Branch:                  2021.3/staging
Build type:              Release
Batch mode:              YES
macOS version:           Version 14.1 (Build 23B74)
Darwin version:          23.1.0
Architecture:            arm64
Running under Rosetta:   NO
Available memory:        16384 MB
Using pre-set license
Pro License: YES

COMMAND LINE ARGUMENTS:
/Applications/Unity/Hub/Editor/2021.3.33f1/Unity.app/Contents/MacOS/Unity
-adb2
-batchMode
-noUpm
-name
AssetImportWorker0
-projectPath
/Users/zeko/Desktop/bullet_hell_jam/My project
-logFile
Logs/AssetImportWorker0.log
-srvPort
49917
Successfully changed project path to: /Users/zeko/Desktop/bullet_hell_jam/My project
/Users/zeko/Desktop/bullet_hell_jam/My project
[UnityMemory] Configuration Parameters - Can be set up in boot.config
    "memorysetup-bucket-allocator-granularity=16"
    "memorysetup-bucket-allocator-bucket-count=8"
    "memorysetup-bucket-allocator-block-size=33554432"
    "memorysetup-bucket-allocator-block-count=8"
    "memorysetup-main-allocator-block-size=16777216"
    "memorysetup-thread-allocator-block-size=16777216"
    "memorysetup-gfx-main-allocator-block-size=16777216"
    "memorysetup-gfx-thread-allocator-block-size=16777216"
    "memorysetup-cache-allocator-block-size=4194304"
    "memorysetup-typetree-allocator-block-size=2097152"
    "memorysetup-profiler-bucket-allocator-granularity=16"
    "memorysetup-profiler-bucket-allocator-bucket-count=8"
    "memorysetup-profiler-bucket-allocator-block-size=33554432"
    "memorysetup-profiler-bucket-allocator-block-count=8"
    "memorysetup-profiler-allocator-block-size=16777216"
    "memorysetup-profiler-editor-allocator-block-size=1048576"
    "memorysetup-temp-allocator-size-main=16777216"
    "memorysetup-job-temp-allocator-block-size=2097152"
    "memorysetup-job-temp-allocator-block-size-background=1048576"
    "memorysetup-job-temp-allocator-reduction-small-platforms=262144"
    "memorysetup-temp-allocator-size-background-worker=32768"
    "memorysetup-temp-allocator-size-job-worker=262144"
    "memorysetup-temp-allocator-size-preload-manager=33554432"
    "memorysetup-temp-allocator-size-nav-mesh-worker=65536"
    "memorysetup-temp-allocator-size-audio-worker=65536"
    "memorysetup-temp-allocator-size-cloud-worker=32768"
    "memorysetup-temp-allocator-size-gi-baking-worker=262144"
    "memorysetup-temp-allocator-size-gfx=262144"
Player connection [8001117888] Host "[IP] 192.168.1.68 [Port] 0 [Flags] 2 [Guid] 4290422749 [EditorId] 4290422749 [Version] 1048832 [Id] OSXEditor(0,Zekos-MBP.lan) [Debug] 1 [PackageName] OSXEditor [ProjectName] Editor" joined multi-casting on [225.0.0.222:54997]...

Player connection [8001117888] Host "[IP] 192.168.1.68 [Port] 0 [Flags] 2 [Guid] 4290422749 [EditorId] 4290422749 [Version] 1048832 [Id] OSXEditor(0,Zekos-MBP.lan) [Debug] 1 [PackageName] OSXEditor [ProjectName] Editor" joined alternative multi-casting on [225.0.0.222:34997]...

[Physics::Module] Initialized MultithreadedJobDispatcher with {0} workers.
Refreshing native plugins compatible for Editor in 48.57 ms, found 2 plugins.
Preloading 0 native plugins for Editor in 0.00 ms.
Initialize engine version: 2021.3.33f1 (ee5a2aa03ab2)
[Subsystems] Discovering subsystems at path /Applications/Unity/Hub/Editor/2021.3.33f1/Unity.app/Contents/Resources/UnitySubsystems
[Subsystems] Discovering subsystems at path /Users/zeko/Desktop/bullet_hell_jam/My project/Assets
GfxDevice: creating device client; threaded=0; jobified=0
 preferred device: Apple M2 Pro (high power)
Metal devices available: 1
0: Apple M2 Pro (high power)
Using device Apple M2 Pro (high power)
Initializing Metal device caps: Apple M2 Pro
Initialize mono
Mono path[0] = '/Applications/Unity/Hub/Editor/2021.3.33f1/Unity.app/Contents/Managed'
Mono path[1] = '/Applications/Unity/Hub/Editor/2021.3.33f1/Unity.app/Contents/MonoBleedingEdge/lib/mono/unityjit-macos'
Mono config path = '/Applications/Unity/Hub/Editor/2021.3.33f1/Unity.app/Contents/MonoBleedingEdge/etc'
Using monoOptions --debugger-agent=transport=dt_socket,embedding=1,server=y,suspend=n,address=127.0.0.1:56911
Begin MonoManager ReloadAssembly
Registering precompiled unity dll's ...
Register platform support module: /Applications/Unity/Hub/Editor/2021.3.33f1/Unity.app/Contents/PlaybackEngines/MacStandaloneSupport/UnityEditor.OSXStandalone.Extensions.dll
Register platform support module: /Applications/Unity/Hub/Editor/2021.3.33f1/PlaybackEngines/WindowsStandaloneSupport/UnityEditor.WindowsStandalone.Extensions.dll
Registered in 0.001493 seconds.
Native extension for WindowsStandalone target not found
Native extension for OSXStandalone target not found
Refreshing native plugins compatible for Editor in 47.34 ms, found 2 plugins.
Preloading 0 native plugins for Editor in 0.00 ms.
Mono: successfully reloaded assembly
- Completed reload, in  0.371 seconds
Domain Reload Profiling:
	ReloadAssembly (371ms)
		BeginReloadAssembly (64ms)
			ExecutionOrderSort (0ms)
			DisableScriptedObjects (0ms)
			BackupInstance (0ms)
			ReleaseScriptingObjects (0ms)
			CreateAndSetChildDomain (0ms)
		EndReloadAssembly (255ms)
			LoadAssemblies (65ms)
			RebuildTransferFunctionScriptingTraits (0ms)
			SetupTypeCache (62ms)
			ReleaseScriptCaches (0ms)
			RebuildScriptCaches (18ms)
			SetupLoadedEditorAssemblies (151ms)
				LogAssemblyErrors (0ms)
				InitializePlatformSupportModulesInManaged (3ms)
				SetLoadedEditorAssemblies (0ms)
				RefreshPlugins (47ms)
				BeforeProcessingInitializeOnLoad (1ms)
				ProcessInitializeOnLoadAttributes (77ms)
				ProcessInitializeOnLoadMethodAttributes (22ms)
				AfterProcessingInitializeOnLoad (0ms)
				EditorAssembliesLoaded (0ms)
			ExecutionOrderSort2 (0ms)
			AwakeInstancesAfterBackupRestoration (0ms)
Platform modules already initialized, skipping
Registering precompiled user dll's ...
Registered in 0.003236 seconds.
Begin MonoManager ReloadAssembly
Native extension for WindowsStandalone target not found
Native extension for OSXStandalone target not found
Refreshing native plugins compatible for Editor in 0.32 ms, found 2 plugins.
Preloading 0 native plugins for Editor in 0.00 ms.
Package Manager log level set to [2]
[Package Manager] Server::EnsureServerProcessIsRunning -- launch failed, reason: Unity was launched with the -noUpm command-line argument
[Package Manager] Cannot connect to Unity Package Manager local server
Mono: successfully reloaded assembly
- Completed reload, in  0.557 seconds
Domain Reload Profiling:
	ReloadAssembly (557ms)
		BeginReloadAssembly (54ms)
			ExecutionOrderSort (0ms)
			DisableScriptedObjects (3ms)
			BackupInstance (0ms)
			ReleaseScriptingObjects (0ms)
			CreateAndSetChildDomain (13ms)
		EndReloadAssembly (446ms)
			LoadAssemblies (48ms)
			RebuildTransferFunctionScriptingTraits (0ms)
			SetupTypeCache (150ms)
			ReleaseScriptCaches (0ms)
			RebuildScriptCaches (29ms)
			SetupLoadedEditorAssemblies (200ms)
				LogAssemblyErrors (0ms)
				InitializePlatformSupportModulesInManaged (2ms)
				SetLoadedEditorAssemblies (0ms)
				RefreshPlugins (0ms)
				BeforeProcessingInitializeOnLoad (38ms)
				ProcessInitializeOnLoadAttributes (146ms)
				ProcessInitializeOnLoadMethodAttributes (12ms)
				AfterProcessingInitializeOnLoad (1ms)
				EditorAssembliesLoaded (0ms)
			ExecutionOrderSort2 (0ms)
			AwakeInstancesAfterBackupRestoration (2ms)
Platform modules already initialized, skipping
========================================================================
Worker process is ready to serve import requests
Launching external process: /Applications/Unity/Hub/Editor/2021.3.33f1/Unity.app/Contents/Tools/UnityShaderCompiler
Launched and connected shader compiler UnityShaderCompiler after 0.04 seconds
Refreshing native plugins compatible for Editor in 0.30 ms, found 2 plugins.
Preloading 0 native plugins for Editor in 0.00 ms.
Unloading 3068 Unused Serialized files (Serialized files now loaded: 0)
Unloading 23 unused Assets / (296.5 KB). Loaded Objects now: 3529.
Memory consumption went from 104.0 MB to 103.7 MB.
Total: 2.150375 ms (FindLiveObjects: 0.120792 ms CreateObjectMapping: 0.052125 ms MarkObjects: 1.933583 ms  DeleteObjects: 0.043458 ms)

AssetImportParameters requested are different than current active one (requested -> active):
  custom:video-decoder-ogg-theora: a1e56fd34408186e4bbccfd4996cb3dc -> 
  custom:container-muxer-webm: aa71ff27fc2769a1b78a27578f13a17b -> 
  custom:container-demuxer-webm: 4f35f7cbe854078d1ac9338744f61a02 -> 
  custom:video-encoder-webm-vp8: eb34c28f22e8b96e1ab97ce403110664 -> 
  custom:framework-osx-AVFoundation: e770b220cccbd017edd2c1fefb359320 -> 
  custom:CustomObjectIndexerAttribute: bc11b3a6c3213fcdd17b65e7da85e133 -> 
  custom:audio-encoder-webm-vorbis: bf7c407c2cedff20999df2af8eb42d56 -> 
  custom:SearchIndexIgnoredProperties: e643bd26f0fe6173181afceb89e7c659 -> 
  custom:container-demuxer-ogg: 62fdf1f143b41e24485cea50d1cbac27 -> 
  custom:video-decoder-webm-vp8: 9c59270c3fd7afecdb556c50c9e8de78 -> 
  custom:audio-decoder-ogg-vorbis: bf7c407c2cedff20999df2af8eb42d56 -> 
========================================================================
Received Import Request.
  Time since last request: 1344881.381992 seconds.
  path: Assets/Skyboxes/CubeMap/Materials/Sky_Anime_03_Day_a.mat
  artifactKey: Guid(55e64e617a8bfff4ba846574e2651eb9) Importer(815301076,1909f56bfc062723c751e8b465ee728b)
Number of updated assets reloaded before import = 0
Start importing Assets/Skyboxes/CubeMap/Materials/Sky_Anime_03_Day_a.mat using Guid(55e64e617a8bfff4ba846574e2651eb9) Importer(815301076,1909f56bfc062723c751e8b465ee728b)  -> (artifact id: '58e015faba126b7c0ef40502eaa3e98d') in 0.878143 seconds 
Number of asset objects unloaded after import = 2
========================================================================
Received Import Request.
  Time since last request: 0.000059 seconds.
  path: Assets/Skyboxes/CubeMap/Textures/Sky_LowPoly_02_Night_a.png
  artifactKey: Guid(b4503954fd147c94180872808dde9eb3) Importer(815301076,1909f56bfc062723c751e8b465ee728b)
Number of updated assets reloaded before import = 0
Start importing Assets/Skyboxes/CubeMap/Textures/Sky_LowPoly_02_Night_a.png using Guid(b4503954fd147c94180872808dde9eb3) Importer(815301076,1909f56bfc062723c751e8b465ee728b)  -> (artifact id: '50580e032a8713e115071c4362382fb4') in 0.474292 seconds 
Number of asset objects unloaded after import = 1
========================================================================
Received Import Request.
  Time since last request: 0.000038 seconds.
  path: Assets/Skyboxes/CubeMap/Materials/Sky_LowPoly_02_Night_a.mat
  artifactKey: Guid(c1c961cbd00909b45b34d97fd7df5cbf) Importer(815301076,1909f56bfc062723c751e8b465ee728b)
Number of updated assets reloaded before import = 0
Start importing Assets/Skyboxes/CubeMap/Materials/Sky_LowPoly_02_Night_a.mat using Guid(c1c961cbd00909b45b34d97fd7df5cbf) Importer(815301076,1909f56bfc062723c751e8b465ee728b)  -> (artifact id: '6e8bc6ec223a51688574b71bbf4d3d07') in 0.055394 seconds 
Number of asset objects unloaded after import = 2
========================================================================
Received Import Request.
  Time since last request: 0.000056 seconds.
  path: Assets/Skyboxes/CubeMap/Textures/Sky_LowPoly_01_Day_a.png
  artifactKey: Guid(15941f70fce71784da1321794120ea6a) Importer(815301076,1909f56bfc062723c751e8b465ee728b)
Number of updated assets reloaded before import = 0
Start importing Assets/Skyboxes/CubeMap/Textures/Sky_LowPoly_01_Day_a.png using Guid(15941f70fce71784da1321794120ea6a) Importer(815301076,1909f56bfc062723c751e8b465ee728b)  -> (artifact id: '283a5b56851f0e85d361f3af379bb938') in 0.073761 seconds 
Number of asset objects unloaded after import = 1
========================================================================
Received Import Request.
  Time since last request: 0.000034 seconds.
  path: Assets/Skyboxes/CubeMap/Materials/Sky_Anime_15_Day_a.mat
  artifactKey: Guid(50bf15468c19e0e40b5bf26662770a34) Importer(815301076,1909f56bfc062723c751e8b465ee728b)
Number of updated assets reloaded before import = 0
Start importing Assets/Skyboxes/CubeMap/Materials/Sky_Anime_15_Day_a.mat using Guid(50bf15468c19e0e40b5bf26662770a34) Importer(815301076,1909f56bfc062723c751e8b465ee728b)  -> (artifact id: 'd5051513bab50067ef69a6f153e979c4') in 0.043219 seconds 
Number of asset objects unloaded after import = 2
========================================================================
Received Import Request.
  Time since last request: 0.000040 seconds.
  path: Assets/Skyboxes/CubeMap/Materials/Sky_LowPoly_01_Day_a.mat
  artifactKey: Guid(133347283e115d147a5fcce7f47a538f) Importer(815301076,1909f56bfc062723c751e8b465ee728b)
Number of updated assets reloaded before import = 0
Start importing Assets/Skyboxes/CubeMap/Materials/Sky_LowPoly_01_Day_a.mat using Guid(133347283e115d147a5fcce7f47a538f) Importer(815301076,1909f56bfc062723c751e8b465ee728b)  -> (artifact id: 'ffd926fecab4f91b83ab9461be067197') in 0.039795 seconds 
Number of asset objects unloaded after import = 2
========================================================================
Received Import Request.
  Time since last request: 102.512033 seconds.
  path: Assets/Prefabs/Ground.prefab
  artifactKey: Guid(00fb1abb62c58496aae818ac77298eb5) Importer(815301076,1909f56bfc062723c751e8b465ee728b)
Number of updated assets reloaded before import = 0
Start importing Assets/Prefabs/Ground.prefab using Guid(00fb1abb62c58496aae818ac77298eb5) Importer(815301076,1909f56bfc062723c751e8b465ee728b)  -> (artifact id: 'c0f0f0f0f8da1fbb78195a899e25af76') in 0.097142 seconds 
Number of asset objects unloaded after import = 8
========================================================================
Received Import Request.
  Time since last request: 0.000066 seconds.
  path: Assets/Prefabs/Start Zone.prefab
  artifactKey: Guid(865aaf1e2383a4578a5c48a50c16cbce) Importer(815301076,1909f56bfc062723c751e8b465ee728b)
Number of updated assets reloaded before import = 0
Start importing Assets/Prefabs/Start Zone.prefab using Guid(865aaf1e2383a4578a5c48a50c16cbce) Importer(815301076,1909f56bfc062723c751e8b465ee728b)  -> (artifact id: 'fac11e2cc88ab7b63d95d2452ea5ac04') in 0.004312 seconds 
Number of asset objects unloaded after import = 8
========================================================================
Received Import Request.
  Time since last request: 0.000028 seconds.
  path: Assets/Prefabs/Wall.prefab
  artifactKey: Guid(02cd1eb3bf07241dfb5808f6337b0a5d) Importer(815301076,1909f56bfc062723c751e8b465ee728b)
Number of updated assets reloaded before import = 0
Start importing Assets/Prefabs/Wall.prefab using Guid(02cd1eb3bf07241dfb5808f6337b0a5d) Importer(815301076,1909f56bfc062723c751e8b465ee728b)  -> (artifact id: '34ab04edee81a50cd809bb1652c609ff') in 0.004140 seconds 
Number of asset objects unloaded after import = 8
========================================================================
Received Import Request.
  Time since last request: 11.702322 seconds.
  path: Assets/Space Assets/Models
  artifactKey: Guid(10cd6a17d539a6147acc4365345250f0) Importer(815301076,1909f56bfc062723c751e8b465ee728b)
Number of updated assets reloaded before import = 0
Start importing Assets/Space Assets/Models using Guid(10cd6a17d539a6147acc4365345250f0) Importer(815301076,1909f56bfc062723c751e8b465ee728b)  -> (artifact id: '9e31d9dcab34b7381a8652bbe5b47e6b') in 0.001239 seconds 
Number of asset objects unloaded after import = 0
========================================================================
Received Import Request.
  Time since last request: 0.598095 seconds.
  path: Assets/Space Assets/Prefabs
  artifactKey: Guid(aa0a9b43976d16b4fbe1cd65d69e7057) Importer(815301076,1909f56bfc062723c751e8b465ee728b)
Number of updated assets reloaded before import = 0
Start importing Assets/Space Assets/Prefabs using Guid(aa0a9b43976d16b4fbe1cd65d69e7057) Importer(815301076,1909f56bfc062723c751e8b465ee728b)  -> (artifact id: '87428089f38015e371859b11e8f1949c') in 0.001089 seconds 
Number of asset objects unloaded after import = 0
========================================================================
Received Import Request.
  Time since last request: 0.678308 seconds.
  path: Assets/Space Assets/Prefabs/Space Forest
  artifactKey: Guid(414636d67cbee1a44885c56876ccca24) Importer(815301076,1909f56bfc062723c751e8b465ee728b)
Number of updated assets reloaded before import = 0
Start importing Assets/Space Assets/Prefabs/Space Forest using Guid(414636d67cbee1a44885c56876ccca24) Importer(815301076,1909f56bfc062723c751e8b465ee728b)  -> (artifact id: '419442f77260cc2055f6293ef877f620') in 0.001265 seconds 
Number of asset objects unloaded after import = 0
========================================================================
Received Import Request.
  Time since last request: 0.489575 seconds.
  path: Assets/Space Assets/Prefabs/Space Forest/SP_Planet.prefab
  artifactKey: Guid(7d470bd30d5ceec4383744406c8b6440) Importer(815301076,1909f56bfc062723c751e8b465ee728b)
Number of updated assets reloaded before import = 0
Start importing Assets/Space Assets/Prefabs/Space Forest/SP_Planet.prefab using Guid(7d470bd30d5ceec4383744406c8b6440) Importer(815301076,1909f56bfc062723c751e8b465ee728b)  -> (artifact id: '26a441995683cda37735f25288c74c9a') in 0.015253 seconds 
Number of asset objects unloaded after import = 14
========================================================================
Received Import Request.
  Time since last request: 1.946007 seconds.
  path: Assets/Space Assets/Prefabs/Demo_Scene
  artifactKey: Guid(5f2bf17e525bdb64aa6fe25b8a29afab) Importer(815301076,1909f56bfc062723c751e8b465ee728b)
Number of updated assets reloaded before import = 0
Start importing Assets/Space Assets/Prefabs/Demo_Scene using Guid(5f2bf17e525bdb64aa6fe25b8a29afab) Importer(815301076,1909f56bfc062723c751e8b465ee728b)  -> (artifact id: '09d2687129f5596c1657a88402454972') in 0.001691 seconds 
Number of asset objects unloaded after import = 0
========================================================================
Received Import Request.
  Time since last request: 0.011277 seconds.
  path: Assets/Space Assets/Prefabs/Demo_Scene/Space_Forest.prefab
  artifactKey: Guid(b59d0ae955ad5994f937e8ed893b172c) Importer(815301076,1909f56bfc062723c751e8b465ee728b)
Number of updated assets reloaded before import = 0
Start importing Assets/Space Assets/Prefabs/Demo_Scene/Space_Forest.prefab using Guid(b59d0ae955ad5994f937e8ed893b172c) Importer(815301076,1909f56bfc062723c751e8b465ee728b)  -> (artifact id: 'b7e59e11506f4860effdf95cf0acb632') in 0.003943 seconds 
Number of asset objects unloaded after import = 144
========================================================================
Received Import Request.
  Time since last request: 6.461519 seconds.
  path: Assets/Space Assets/Prefabs/Space Forest/SP_Rocks
  artifactKey: Guid(0b3302b6d06dab3429c823c6df937e47) Importer(815301076,1909f56bfc062723c751e8b465ee728b)
Number of updated assets reloaded before import = 0
Start importing Assets/Space Assets/Prefabs/Space Forest/SP_Rocks using Guid(0b3302b6d06dab3429c823c6df937e47) Importer(815301076,1909f56bfc062723c751e8b465ee728b)  -> (artifact id: '35268ff1e46194c1f0905e33f7ee2481') in 0.002108 seconds 
Number of asset objects unloaded after import = 0
========================================================================
Received Import Request.
  Time since last request: 53.768821 seconds.
  path: Assets/Space Assets/Prefabs/Space Forest/SP_Mountains
  artifactKey: Guid(b5adbd5e0ae3d594b9125db6feb4e03c) Importer(815301076,1909f56bfc062723c751e8b465ee728b)
Number of updated assets reloaded before import = 0
Start importing Assets/Space Assets/Prefabs/Space Forest/SP_Mountains using Guid(b5adbd5e0ae3d594b9125db6feb4e03c) Importer(815301076,1909f56bfc062723c751e8b465ee728b)  -> (artifact id: '86a668c52bc71f289030119a0da2b42c') in 0.001546 seconds 
Number of asset objects unloaded after import = 0
========================================================================
Received Import Request.
  Time since last request: 0.027076 seconds.
  path: Assets/Space Assets/Prefabs/Space Forest/SP_Mountains/SP_Mountain01.prefab
  artifactKey: Guid(b4d4a657ba67ffd4bbb5553d94e0bf4a) Importer(815301076,1909f56bfc062723c751e8b465ee728b)
Number of updated assets reloaded before import = 0
Start importing Assets/Space Assets/Prefabs/Space Forest/SP_Mountains/SP_Mountain01.prefab using Guid(b4d4a657ba67ffd4bbb5553d94e0bf4a) Importer(815301076,1909f56bfc062723c751e8b465ee728b)  -> (artifact id: '28dad01f72e4ab92480d4243f21dd77e') in 0.012020 seconds 
Number of asset objects unloaded after import = 14
========================================================================
Received Import Request.
  Time since last request: 81.776572 seconds.
  path: Assets/Space Assets/Prefabs/Space Forest/SP_Mountains/Bl_Mountain.prefab
  artifactKey: Guid(fb5f44c1d4546d545b66d2ecf2fcb447) Importer(815301076,1909f56bfc062723c751e8b465ee728b)
Number of updated assets reloaded before import = 0
Start importing Assets/Space Assets/Prefabs/Space Forest/SP_Mountains/Bl_Mountain.prefab using Guid(fb5f44c1d4546d545b66d2ecf2fcb447) Importer(815301076,1909f56bfc062723c751e8b465ee728b)  -> (artifact id: '8712f4fdc68f10cc8c30020b6cc2bf1f') in 0.006472 seconds 
Number of asset objects unloaded after import = 14
========================================================================
Received Import Request.
  Time since last request: 7.541897 seconds.
  path: Assets/Space Assets/Prefabs/Space Forest/SP_Mountains/Blue_MTN.prefab
  artifactKey: Guid(b4d4a657ba67ffd4bbb5553d94e0bf4a) Importer(815301076,1909f56bfc062723c751e8b465ee728b)
Number of updated assets reloaded before import = 0
Start importing Assets/Space Assets/Prefabs/Space Forest/SP_Mountains/Blue_MTN.prefab using Guid(b4d4a657ba67ffd4bbb5553d94e0bf4a) Importer(815301076,1909f56bfc062723c751e8b465ee728b)  -> (artifact id: '599605b87f4f6d2069a0ef324932795b') in 0.004672 seconds 
Number of asset objects unloaded after import = 14
========================================================================
Received Import Request.
  Time since last request: 6.866362 seconds.
  path: Assets/Space Assets/Prefabs/Space Forest/SP_Mountains/Blk_MTN.prefab
  artifactKey: Guid(fb5f44c1d4546d545b66d2ecf2fcb447) Importer(815301076,1909f56bfc062723c751e8b465ee728b)
Number of updated assets reloaded before import = 0
Start importing Assets/Space Assets/Prefabs/Space Forest/SP_Mountains/Blk_MTN.prefab using Guid(fb5f44c1d4546d545b66d2ecf2fcb447) Importer(815301076,1909f56bfc062723c751e8b465ee728b)  -> (artifact id: 'fe1fa4786a71bfdb4584b3b6fe3fb62d') in 0.005081 seconds 
Number of asset objects unloaded after import = 14
========================================================================
Received Import Request.
  Time since last request: 7.358109 seconds.
  path: Assets/Space Assets/Prefabs/Space Forest/SP_Mountains/Blue_ROCK.prefab
  artifactKey: Guid(4bc5d8d963ddfac48b69f5bba53a41c8) Importer(815301076,1909f56bfc062723c751e8b465ee728b)
Number of updated assets reloaded before import = 0
Start importing Assets/Space Assets/Prefabs/Space Forest/SP_Mountains/Blue_ROCK.prefab using Guid(4bc5d8d963ddfac48b69f5bba53a41c8) Importer(815301076,1909f56bfc062723c751e8b465ee728b)  -> (artifact id: 'df41cbf305be4c0b7d4c460f04cfed1c') in 0.005644 seconds 
Number of asset objects unloaded after import = 14
========================================================================
Received Import Request.
  Time since last request: 99.422002 seconds.
  path: Assets/Space Assets/Prefabs/Space Forest/SP_Trees/SP_Tree01.prefab
  artifactKey: Guid(5cebe2a4682309d48b7f35987ae3d135) Importer(815301076,1909f56bfc062723c751e8b465ee728b)
Number of updated assets reloaded before import = 0
Start importing Assets/Space Assets/Prefabs/Space Forest/SP_Trees/SP_Tree01.prefab using Guid(5cebe2a4682309d48b7f35987ae3d135) Importer(815301076,1909f56bfc062723c751e8b465ee728b)  -> (artifact id: 'f4378cfa45d465e63944ea29476944ed') in 0.037315 seconds 
Number of asset objects unloaded after import = 14
========================================================================
Received Import Request.
  Time since last request: 0.000143 seconds.
  path: Assets/Space Assets/Prefabs/Space Forest/SP_Trees/SP_Tree03.prefab
  artifactKey: Guid(ebf0fd41e5046f74bb6d4ecc7b307de0) Importer(815301076,1909f56bfc062723c751e8b465ee728b)
Number of updated assets reloaded before import = 0
Start importing Assets/Space Assets/Prefabs/Space Forest/SP_Trees/SP_Tree03.prefab using Guid(ebf0fd41e5046f74bb6d4ecc7b307de0) Importer(815301076,1909f56bfc062723c751e8b465ee728b)  -> (artifact id: 'd99edf8d6305bbb041c731613a1559bd') in 0.007545 seconds 
Number of asset objects unloaded after import = 14
========================================================================
Received Import Request.
  Time since last request: 223.739075 seconds.
  path: Assets/Space Assets/Prefabs/Space Forest/SP_Rocks/SP_Rock01.prefab
  artifactKey: Guid(0177df96a5fd173469f284bc00a9461e) Importer(815301076,1909f56bfc062723c751e8b465ee728b)
Number of updated assets reloaded before import = 0
Start importing Assets/Space Assets/Prefabs/Space Forest/SP_Rocks/SP_Rock01.prefab using Guid(0177df96a5fd173469f284bc00a9461e) Importer(815301076,1909f56bfc062723c751e8b465ee728b)  -> (artifact id: '22c342d1a52c30eff301162788167a02') in 0.011744 seconds 
Number of asset objects unloaded after import = 14
========================================================================
Received Import Request.
  Time since last request: 0.000060 seconds.
  path: Assets/Space Assets/Prefabs/Space Forest/SP_Rocks/SP_Rock04.prefab
  artifactKey: Guid(5d2b5fef9ee314143b57f1eba3f466cd) Importer(815301076,1909f56bfc062723c751e8b465ee728b)
Number of updated assets reloaded before import = 0
Start importing Assets/Space Assets/Prefabs/Space Forest/SP_Rocks/SP_Rock04.prefab using Guid(5d2b5fef9ee314143b57f1eba3f466cd) Importer(815301076,1909f56bfc062723c751e8b465ee728b)  -> (artifact id: '4dab1fed759c7323722146f50b46cc6e') in 0.006349 seconds 
Number of asset objects unloaded after import = 14
========================================================================
Received Import Request.
  Time since last request: 0.000030 seconds.
  path: Assets/Space Assets/Prefabs/Space Forest/SP_Rocks/SP_Rock05.prefab
  artifactKey: Guid(db774f6832a181146ae76eea65427fdc) Importer(815301076,1909f56bfc062723c751e8b465ee728b)
Number of updated assets reloaded before import = 0
Start importing Assets/Space Assets/Prefabs/Space Forest/SP_Rocks/SP_Rock05.prefab using Guid(db774f6832a181146ae76eea65427fdc) Importer(815301076,1909f56bfc062723c751e8b465ee728b)  -> (artifact id: '8538be5f873db8a6c294db7cc2997380') in 0.005332 seconds 
Number of asset objects unloaded after import = 14
========================================================================
Received Import Request.
  Time since last request: 0.000081 seconds.
  path: Assets/Space Assets/Prefabs/Space Forest/SP_Rocks/SP_Rock03.prefab
  artifactKey: Guid(870918a744f66c8439b5ff9cfdf6c36d) Importer(815301076,1909f56bfc062723c751e8b465ee728b)
Number of updated assets reloaded before import = 0
Start importing Assets/Space Assets/Prefabs/Space Forest/SP_Rocks/SP_Rock03.prefab using Guid(870918a744f66c8439b5ff9cfdf6c36d) Importer(815301076,1909f56bfc062723c751e8b465ee728b)  -> (artifact id: '4f01fbed28ee3a0f40fb10bbe4b12809') in 0.004916 seconds 
Number of asset objects unloaded after import = 14
========================================================================
Received Import Request.
  Time since last request: 0.000028 seconds.
  path: Assets/Space Assets/Prefabs/Space Forest/SP_Rocks/SP_Rock06.prefab
  artifactKey: Guid(4229e141530e1074cbf6826842703ca8) Importer(815301076,1909f56bfc062723c751e8b465ee728b)
Number of updated assets reloaded before import = 0
Start importing Assets/Space Assets/Prefabs/Space Forest/SP_Rocks/SP_Rock06.prefab using Guid(4229e141530e1074cbf6826842703ca8) Importer(815301076,1909f56bfc062723c751e8b465ee728b)  -> (artifact id: '3daf0c802aacf00b04926c561d96d448') in 0.004285 seconds 
Number of asset objects unloaded after import = 14
========================================================================
Received Import Request.
  Time since last request: 66523.571595 seconds.
  path: Assets/Space Assets/Prefabs/Space Forest/SP_Crystals
  artifactKey: Guid(a78dacd6da1e84f489589d0e59ed1f9f) Importer(815301076,1909f56bfc062723c751e8b465ee728b)
Number of updated assets reloaded before import = 0
Start importing Assets/Space Assets/Prefabs/Space Forest/SP_Crystals using Guid(a78dacd6da1e84f489589d0e59ed1f9f) Importer(815301076,1909f56bfc062723c751e8b465ee728b)  -> (artifact id: '57424bbd93af189e598250a1b96dd713') in 0.003367 seconds 
Number of asset objects unloaded after import = 0
========================================================================
Received Import Request.
  Time since last request: 0.023417 seconds.
  path: Assets/Space Assets/Prefabs/Space Forest/SP_Crystals/SP_Crystal01.prefab
  artifactKey: Guid(d17e4af726443cd4493d58b7668395cd) Importer(815301076,1909f56bfc062723c751e8b465ee728b)
Number of updated assets reloaded before import = 0
Start importing Assets/Space Assets/Prefabs/Space Forest/SP_Crystals/SP_Crystal01.prefab using Guid(d17e4af726443cd4493d58b7668395cd) Importer(815301076,1909f56bfc062723c751e8b465ee728b)  -> (artifact id: '2b97f97c75632b01bfb028fd34c7e6db') in 0.022630 seconds 
Number of asset objects unloaded after import = 14
========================================================================
Received Import Request.
  Time since last request: 4.445935 seconds.
  path: Assets/Space Assets/Prefabs/Space Forest/SP_Plants
  artifactKey: Guid(da489ef5d5295d04db55fbe78224b5b2) Importer(815301076,1909f56bfc062723c751e8b465ee728b)
Number of updated assets reloaded before import = 0
Start importing Assets/Space Assets/Prefabs/Space Forest/SP_Plants using Guid(da489ef5d5295d04db55fbe78224b5b2) Importer(815301076,1909f56bfc062723c751e8b465ee728b)  -> (artifact id: '0a16e58ab15025fb918da1d177976b88') in 0.001681 seconds 
Number of asset objects unloaded after import = 0
========================================================================
Received Import Request.
  Time since last request: 0.027292 seconds.
  path: Assets/Space Assets/Prefabs/Space Forest/SP_Plants/SP_Plant01.prefab
  artifactKey: Guid(a5c987dbc66855840ae0a4016772646a) Importer(815301076,1909f56bfc062723c751e8b465ee728b)
Number of updated assets reloaded before import = 0
Start importing Assets/Space Assets/Prefabs/Space Forest/SP_Plants/SP_Plant01.prefab using Guid(a5c987dbc66855840ae0a4016772646a) Importer(815301076,1909f56bfc062723c751e8b465ee728b)  -> (artifact id: '3220632aaf2e7bc144a0f9e2cb08ada6') in 0.006110 seconds 
Number of asset objects unloaded after import = 14
========================================================================
Received Import Request.
  Time since last request: 0.000033 seconds.
  path: Assets/Space Assets/Prefabs/Space Forest/SP_Plants/SP_Plant03.prefab
  artifactKey: Guid(474ca8a9176326b4f91a03b26e36d98a) Importer(815301076,1909f56bfc062723c751e8b465ee728b)
Number of updated assets reloaded before import = 0
Start importing Assets/Space Assets/Prefabs/Space Forest/SP_Plants/SP_Plant03.prefab using Guid(474ca8a9176326b4f91a03b26e36d98a) Importer(815301076,1909f56bfc062723c751e8b465ee728b)  -> (artifact id: '3a8ea5256f50152c3e62a751669ec21f') in 0.005475 seconds 
Number of asset objects unloaded after import = 14
========================================================================
Received Import Request.
  Time since last request: 0.000031 seconds.
  path: Assets/Space Assets/Prefabs/Space Forest/SP_Plants/SP_Plant07.prefab
  artifactKey: Guid(73c246a6053362a4ab20a29df8ef198e) Importer(815301076,1909f56bfc062723c751e8b465ee728b)
Number of updated assets reloaded before import = 0
Start importing Assets/Space Assets/Prefabs/Space Forest/SP_Plants/SP_Plant07.prefab using Guid(73c246a6053362a4ab20a29df8ef198e) Importer(815301076,1909f56bfc062723c751e8b465ee728b)  -> (artifact id: '378c858873926b770249c9a434ce2a38') in 0.005075 seconds 
Number of asset objects unloaded after import = 14
========================================================================
Received Import Request.
  Time since last request: 0.000074 seconds.
  path: Assets/Space Assets/Prefabs/Space Forest/SP_Plants/SP_Plant08.prefab
  artifactKey: Guid(8f7a22a83e06052459341602681b20e1) Importer(815301076,1909f56bfc062723c751e8b465ee728b)
Number of updated assets reloaded before import = 0
Start importing Assets/Space Assets/Prefabs/Space Forest/SP_Plants/SP_Plant08.prefab using Guid(8f7a22a83e06052459341602681b20e1) Importer(815301076,1909f56bfc062723c751e8b465ee728b)  -> (artifact id: '11d4d3eb86aab9be55eeaf63e3e81447') in 0.004747 seconds 
Number of asset objects unloaded after import = 14
========================================================================
Received Import Request.
  Time since last request: 0.000041 seconds.
  path: Assets/Space Assets/Prefabs/Space Forest/SP_Plants/SP_Plant05.prefab
  artifactKey: Guid(95f8af9d672aa034db19bf032d3481b9) Importer(815301076,1909f56bfc062723c751e8b465ee728b)
Number of updated assets reloaded before import = 0
Start importing Assets/Space Assets/Prefabs/Space Forest/SP_Plants/SP_Plant05.prefab using Guid(95f8af9d672aa034db19bf032d3481b9) Importer(815301076,1909f56bfc062723c751e8b465ee728b)  -> (artifact id: 'f3cc496f5a592af12c0b9f82f7ba95c3') in 0.004695 seconds 
Number of asset objects unloaded after import = 14
========================================================================
Received Import Request.
  Time since last request: 538.904782 seconds.
  path: Assets/Material/Ground.mat
  artifactKey: Guid(9e7890c8b12f04d5caab2981e990a4d2) Importer(815301076,1909f56bfc062723c751e8b465ee728b)
Number of updated assets reloaded before import = 0
Start importing Assets/Material/Ground.mat using Guid(9e7890c8b12f04d5caab2981e990a4d2) Importer(815301076,1909f56bfc062723c751e8b465ee728b)  -> (artifact id: 'fe7ce5c0f6ee7fb2be1f2814b5ff9cf8') in 0.007799 seconds 
Number of asset objects unloaded after import = 1
========================================================================
Received Import Request.
  Time since last request: 0.000033 seconds.
  path: Assets/Material/Wall.mat
  artifactKey: Guid(9fa8473ec8ee5418a93c9768cb070ec5) Importer(815301076,1909f56bfc062723c751e8b465ee728b)
Number of updated assets reloaded before import = 0
Start importing Assets/Material/Wall.mat using Guid(9fa8473ec8ee5418a93c9768cb070ec5) Importer(815301076,1909f56bfc062723c751e8b465ee728b)  -> (artifact id: '51d697db639806361b45f8eaaa5e2083') in 0.003895 seconds 
Number of asset objects unloaded after import = 1
